<?xml version="1.0" encoding="UTF-8"?>
<testsuite xmlns:xsi="http://www.w3.org/2001/XMLSchema-instance" xsi:noNamespaceSchemaLocation="https://maven.apache.org/surefire/maven-surefire-plugin/xsd/surefire-test-report-3.0.xsd" version="3.0" name="sample.TestCase" time="5.361" tests="4" errors="0" skipped="0" failures="0">
  <properties>
[...]
</properties>
  <testcase name="request_checkTemp" classname="sample.TestCase" time="1.326"/>
  <testcase name="request_checkCel" classname="sample.TestCase" time="0.438"/>
  <testcase name="request_checkLonLat" classname="sample.TestCase" time="0.223"/>
  <testcase name="request_checkTempAfter16h" classname="sample.TestCase" time="0.577"/>
</testsuite>