<?xml version="1.0" encoding="UTF-8"?>
<testsuite xmlns:xsi="http://www.w3.org/2001/XMLSchema-instance" xsi:noNamespaceSchemaLocation="https://maven.apache.org/surefire/maven-surefire-plugin/xsd/surefire-test-report-3.0.xsd" version="3.0" name="mypackage.TestCase" time="7.006" tests="4" errors="0" skipped="0" failures="1">
  <properties>
[...]
</properties>
  <testcase name="myTestCurrentTemp" classname="mypackage.TestCase" time="2.808"/>
  <testcase name="myTestPressureAfterHour" classname="mypackage.TestCase" time="1.408"/>
  <testcase name="myTestExpectRain" classname="mypackage.TestCase" time="0.588">
    <failure type="org.opentest4j.AssertionFailedError"><![CDATA[org.opentest4j.AssertionFailedError: expected: <Clouds> but was: <Rain>
	at mypackage.TestCase.myTestExpectRain(TestCase.java:103)
]]></failure>
  </testcase>
  <testcase name="myTestLonLatTrue" classname="mypackage.TestCase" time="0.509"/>
</testsuite>