<?xml version="1.0" encoding="UTF-8"?><testrun duration="12222" footerText="Generated by IntelliJ IDEA on 22.05.2020, 22:53" name="Test_API_Java1">
    <count name="total" value="36"/>
    <count name="error" value="1"/>
    <count name="failed" value="3"/>
    <count name="passed" value="32"/>
    <config nameIsGenerated="true" configId="JUnit" name="Test_API_Java1">
        <module name="Test_API_MEV1"/>
        <option name="PACKAGE_NAME" value=""/>
        <option name="MAIN_CLASS_NAME" value="Test_API_Java1"/>
        <option name="TEST_OBJECT" value="class"/>
    </config>
    <suite duration="3" name="JUnit Vintage" status="error">
        <suite duration="3" locationUrl="java:suite://Test_API_Java1" name="Test_API_Java1" status="error">
            <test duration="3" locationUrl="java:suite://Test_API_Java1" name="initializationError" status="error">
                <output type="stdout"/>
                <output type="stderr">java.lang.Exception: No public static parameters method on class Test_API_Java1
&#13;
	at org.junit.runners.Parameterized$RunnersFactory.getParametersMethod(Parameterized.java:451)&#13;
	at org.junit.runners.Parameterized$RunnersFactory.&amp;lt;init&amp;gt;(Parameterized.java:371)&#13;
	at org.junit.runners.Parameterized$RunnersFactory.&amp;lt;init&amp;gt;(Parameterized.java:360)&#13;
	at org.junit.runners.Parameterized.&amp;lt;init&amp;gt;(Parameterized.java:303)&#13;
	at sun.reflect.NativeConstructorAccessorImpl.newInstance0(Native Method)&#13;
	at sun.reflect.NativeConstructorAccessorImpl.newInstance(NativeConstructorAccessorImpl.java:62)&#13;
	at sun.reflect.DelegatingConstructorAccessorImpl.newInstance(DelegatingConstructorAccessorImpl.java:45)&#13;
	at java.lang.reflect.Constructor.newInstance(Constructor.java:423)&#13;
	at org.junit.internal.builders.AnnotatedBuilder.buildRunner(AnnotatedBuilder.java:104)&#13;
	at org.junit.vintage.engine.discovery.DefensiveAllDefaultPossibilitiesBuilder$DefensiveAnnotatedBuilder.buildRunner(DefensiveAllDefaultPossibilitiesBuilder.java:113)&#13;
	at org.junit.internal.builders.AnnotatedBuilder.runnerForClass(AnnotatedBuilder.java:86)&#13;
	at org.junit.runners.model.RunnerBuilder.safeRunnerForClass(RunnerBuilder.java:70)&#13;
	at org.junit.internal.builders.AllDefaultPossibilitiesBuilder.runnerForClass(AllDefaultPossibilitiesBuilder.java:37)&#13;
	at org.junit.vintage.engine.discovery.DefensiveAllDefaultPossibilitiesBuilder.runnerForClass(DefensiveAllDefaultPossibilitiesBuilder.java:56)&#13;
	at org.junit.runners.model.RunnerBuilder.safeRunnerForClass(RunnerBuilder.java:70)&#13;
	at org.junit.vintage.engine.discovery.ClassSelectorResolver.resolveTestClass(ClassSelectorResolver.java:66)&#13;
	at org.junit.vintage.engine.discovery.ClassSelectorResolver.resolve(ClassSelectorResolver.java:47)&#13;
	at org.junit.platform.engine.support.discovery.EngineDiscoveryRequestResolution.lambda$resolve$2(EngineDiscoveryRequestResolution.java:134)&#13;
	at java.util.stream.ReferencePipeline$3$1.accept(ReferencePipeline.java:193)&#13;
	at java.util.ArrayList$ArrayListSpliterator.tryAdvance(ArrayList.java:1359)&#13;
	at java.util.stream.ReferencePipeline.forEachWithCancel(ReferencePipeline.java:126)&#13;
	at java.util.stream.AbstractPipeline.copyIntoWithCancel(AbstractPipeline.java:498)&#13;
	at java.util.stream.AbstractPipeline.copyInto(AbstractPipeline.java:485)&#13;
	at java.util.stream.AbstractPipeline.wrapAndCopyInto(AbstractPipeline.java:471)&#13;
	at java.util.stream.FindOps$FindOp.evaluateSequential(FindOps.java:152)&#13;
	at java.util.stream.AbstractPipeline.evaluate(AbstractPipeline.java:234)&#13;
	at java.util.stream.ReferencePipeline.findFirst(ReferencePipeline.java:464)&#13;
	at org.junit.platform.engine.support.discovery.EngineDiscoveryRequestResolution.resolve(EngineDiscoveryRequestResolution.java:185)&#13;
	at org.junit.platform.engine.support.discovery.EngineDiscoveryRequestResolution.resolve(EngineDiscoveryRequestResolution.java:125)&#13;
	at org.junit.platform.engine.support.discovery.EngineDiscoveryRequestResolution.resolveCompletely(EngineDiscoveryRequestResolution.java:91)&#13;
	at org.junit.platform.engine.support.discovery.EngineDiscoveryRequestResolution.run(EngineDiscoveryRequestResolution.java:82)&#13;
	at org.junit.platform.engine.support.discovery.EngineDiscoveryRequestResolver.resolve(EngineDiscoveryRequestResolver.java:113)&#13;
	at org.junit.vintage.engine.discovery.VintageDiscoverer.discover(VintageDiscoverer.java:42)&#13;
	at org.junit.vintage.engine.VintageTestEngine.discover(VintageTestEngine.java:62)&#13;
	at org.junit.platform.launcher.core.DefaultLauncher.discoverEngineRoot(DefaultLauncher.java:181)&#13;
	at org.junit.platform.launcher.core.DefaultLauncher.discoverRoot(DefaultLauncher.java:168)&#13;
	at org.junit.platform.launcher.core.DefaultLauncher.execute(DefaultLauncher.java:132)&#13;
	at com.intellij.junit5.JUnit5IdeaTestRunner.startRunnerWithArgs(JUnit5IdeaTestRunner.java:69)&#13;
	at com.intellij.rt.junit.IdeaTestRunner$Repeater.startRunnerWithArgs(IdeaTestRunner.java:33)&#13;
	at com.intellij.rt.junit.JUnitStarter.prepareStreamsAndStart(JUnitStarter.java:230)&#13;
	at com.intellij.rt.junit.JUnitStarter.main(JUnitStarter.java:58)&#13;
</output>
            </test>
        </suite>
    </suite>
    <suite duration="12219" name="JUnit Jupiter" status="failed">
        <suite duration="12219" locationUrl="java:suite://Test_API_Java1" name="Test_API_Java1" status="failed">
            <suite duration="4448" locationUrl="java:test://Test_API_Java1/requestUs1" name="Проверка на соответствие города стране" metainfo="java.lang.String, java.lang.String, java.lang.String" status="failed">
                <test duration="3015" locationUrl="java:test://Test_API_Java1/requestUs1" name="[1] q=, London, APPID=9e36d5af654c0bc9e5994799dd93bd19" metainfo="java.lang.String, java.lang.String, java.lang.String" status="passed">
                    <output type="stdout"/>
                </test>
                <test duration="262" locationUrl="java:test://Test_API_Java1/requestUs1" name="[2] q=, Liverpool, APPID=9e36d5af654c0bc9e5994799dd93bd19" metainfo="java.lang.String, java.lang.String, java.lang.String" status="passed">
                    <output type="stdout"/>
                </test>
                <test duration="300" locationUrl="java:test://Test_API_Java1/requestUs1" name="[3] q=, Riga, APPID=9e36d5af654c0bc9e5994799dd93bd19" metainfo="java.lang.String, java.lang.String, java.lang.String" status="failed">
                    <output type="stdout"/>
                    <output type="stderr">java.lang.AssertionError: 1 expectation failed.
JSON path sys.&amp;#39;country&amp;#39; doesn&amp;#39;t match.
Expected: GB
  Actual: LV
&#13;
	at sun.reflect.NativeConstructorAccessorImpl.newInstance0(Native Method)&#13;
	at sun.reflect.NativeConstructorAccessorImpl.newInstance(NativeConstructorAccessorImpl.java:62)&#13;
	at sun.reflect.DelegatingConstructorAccessorImpl.newInstance(DelegatingConstructorAccessorImpl.java:45)&#13;
	at java.lang.reflect.Constructor.newInstance(Constructor.java:423)&#13;
	at org.codehaus.groovy.reflection.CachedConstructor.invoke(CachedConstructor.java:72)&#13;
	at org.codehaus.groovy.reflection.CachedConstructor.doConstructorInvoke(CachedConstructor.java:59)&#13;
	at org.codehaus.groovy.runtime.callsite.ConstructorSite$ConstructorSiteNoUnwrap.callConstructor(ConstructorSite.java:84)&#13;
	at org.codehaus.groovy.runtime.callsite.CallSiteArray.defaultCallConstructor(CallSiteArray.java:59)&#13;
	at org.codehaus.groovy.runtime.callsite.AbstractCallSite.callConstructor(AbstractCallSite.java:263)&#13;
	at org.codehaus.groovy.runtime.callsite.AbstractCallSite.callConstructor(AbstractCallSite.java:277)&#13;
	at io.restassured.internal.ResponseSpecificationImpl$HamcrestAssertionClosure.validate(ResponseSpecificationImpl.groovy:493)&#13;
	at io.restassured.internal.ResponseSpecificationImpl$HamcrestAssertionClosure$validate$1.call(Unknown Source)&#13;
	at io.restassured.internal.ResponseSpecificationImpl.validateResponseIfRequired(ResponseSpecificationImpl.groovy:674)&#13;
	at sun.reflect.NativeMethodAccessorImpl.invoke0(Native Method)&#13;
	at sun.reflect.NativeMethodAccessorImpl.invoke(NativeMethodAccessorImpl.java:62)&#13;
	at sun.reflect.DelegatingMethodAccessorImpl.invoke(DelegatingMethodAccessorImpl.java:43)&#13;
	at java.lang.reflect.Method.invoke(Method.java:498)&#13;
	at org.codehaus.groovy.runtime.callsite.PlainObjectMetaMethodSite.doInvoke(PlainObjectMetaMethodSite.java:43)&#13;
	at org.codehaus.groovy.runtime.callsite.PogoMetaMethodSite$PogoCachedMethodSiteNoUnwrapNoCoerce.invoke(PogoMetaMethodSite.java:193)&#13;
	at org.codehaus.groovy.runtime.callsite.PogoMetaMethodSite.callCurrent(PogoMetaMethodSite.java:61)&#13;
	at org.codehaus.groovy.runtime.callsite.AbstractCallSite.callCurrent(AbstractCallSite.java:185)&#13;
	at io.restassured.internal.ResponseSpecificationImpl.body(ResponseSpecificationImpl.groovy:261)&#13;
	at io.restassured.specification.ResponseSpecification$body$0.callCurrent(Unknown Source)&#13;
	at io.restassured.internal.ResponseSpecificationImpl.body(ResponseSpecificationImpl.groovy:108)&#13;
	at io.restassured.internal.ValidatableResponseOptionsImpl.body(ValidatableResponseOptionsImpl.java:244)&#13;
	at io.restassured.internal.ValidatableResponseImpl.super$2$body(ValidatableResponseImpl.groovy)&#13;
	at sun.reflect.NativeMethodAccessorImpl.invoke0(Native Method)&#13;
	at sun.reflect.NativeMethodAccessorImpl.invoke(NativeMethodAccessorImpl.java:62)&#13;
	at sun.reflect.DelegatingMethodAccessorImpl.invoke(DelegatingMethodAccessorImpl.java:43)&#13;
	at java.lang.reflect.Method.invoke(Method.java:498)&#13;
	at org.codehaus.groovy.reflection.CachedMethod.invoke(CachedMethod.java:107)&#13;
	at groovy.lang.MetaMethod.doMethodInvoke(MetaMethod.java:323)&#13;
	at groovy.lang.MetaClassImpl.invokeMethod(MetaClassImpl.java:1262)&#13;
	at org.codehaus.groovy.runtime.ScriptBytecodeAdapter.invokeMethodOnSuperN(ScriptBytecodeAdapter.java:144)&#13;
	at io.restassured.internal.ValidatableResponseImpl.body(ValidatableResponseImpl.groovy:298)&#13;
	at io.restassured.internal.ValidatableResponseImpl.body(ValidatableResponseImpl.groovy)&#13;
	at Test_API_Java1.requestUs1(Test_API_Java1.java:78)&#13;
	at sun.reflect.NativeMethodAccessorImpl.invoke0(Native Method)&#13;
	at sun.reflect.NativeMethodAccessorImpl.invoke(NativeMethodAccessorImpl.java:62)&#13;
	at sun.reflect.DelegatingMethodAccessorImpl.invoke(DelegatingMethodAccessorImpl.java:43)&#13;
	at java.lang.reflect.Method.invoke(Method.java:498)&#13;
	at org.junit.platform.commons.util.ReflectionUtils.invokeMethod(ReflectionUtils.java:675)&#13;
	at org.junit.jupiter.engine.execution.ExecutableInvoker.invoke(ExecutableInvoker.java:115)&#13;
	at org.junit.jupiter.engine.descriptor.TestMethodTestDescriptor.lambda$invokeTestMethod$6(TestMethodTestDescriptor.java:171)&#13;
	at org.junit.platform.engine.support.hierarchical.ThrowableCollector.execute(ThrowableCollector.java:73)&#13;
	at org.junit.jupiter.engine.descriptor.TestMethodTestDescriptor.invokeTestMethod(TestMethodTestDescriptor.java:167)&#13;
	at org.junit.jupiter.engine.descriptor.TestMethodTestDescriptor.execute(TestMethodTestDescriptor.java:114)&#13;
	at org.junit.jupiter.engine.descriptor.TestMethodTestDescriptor.execute(TestMethodTestDescriptor.java:59)&#13;
	at org.junit.platform.engine.support.hierarchical.NodeTestTask.lambda$executeRecursively$5(NodeTestTask.java:135)&#13;
	at org.junit.platform.engine.support.hierarchical.ThrowableCollector.execute(ThrowableCollector.java:73)&#13;
	at org.junit.platform.engine.support.hierarchical.NodeTestTask.lambda$executeRecursively$7(NodeTestTask.java:125)&#13;
	at org.junit.platform.engine.support.hierarchical.Node.around(Node.java:135)&#13;
	at org.junit.platform.engine.support.hierarchical.NodeTestTask.lambda$executeRecursively$8(NodeTestTask.java:123)&#13;
	at org.junit.platform.engine.support.hierarchical.ThrowableCollector.execute(ThrowableCollector.java:73)&#13;
	at org.junit.platform.engine.support.hierarchical.NodeTestTask.executeRecursively(NodeTestTask.java:122)&#13;
	at org.junit.platform.engine.support.hierarchical.NodeTestTask.execute(NodeTestTask.java:80)&#13;
	at org.junit.platform.engine.support.hierarchical.SameThreadHierarchicalTestExecutorService.submit(SameThreadHierarchicalTestExecutorService.java:32)&#13;
	at org.junit.platform.engine.support.hierarchical.NodeTestTask$DefaultDynamicTestExecutor.execute(NodeTestTask.java:198)&#13;
	at org.junit.jupiter.engine.descriptor.TestTemplateTestDescriptor.execute(TestTemplateTestDescriptor.java:133)&#13;
	at org.junit.jupiter.engine.descriptor.TestTemplateTestDescriptor.lambda$execute$2(TestTemplateTestDescriptor.java:101)&#13;
	at java.util.stream.ForEachOps$ForEachOp$OfRef.accept(ForEachOps.java:184)&#13;
	at java.util.stream.ReferencePipeline$3$1.accept(ReferencePipeline.java:193)&#13;
	at java.util.stream.ReferencePipeline$2$1.accept(ReferencePipeline.java:175)&#13;
	at java.util.stream.ReferencePipeline$3$1.accept(ReferencePipeline.java:193)&#13;
	at java.util.stream.ForEachOps$ForEachOp$OfRef.accept(ForEachOps.java:184)&#13;
	at java.util.stream.ReferencePipeline$11$1.accept(ReferencePipeline.java:373)&#13;
	at java.util.stream.ReferencePipeline$3$1.accept(ReferencePipeline.java:193)&#13;
	at java.util.stream.ReferencePipeline$3$1.accept(ReferencePipeline.java:193)&#13;
	at java.util.stream.ReferencePipeline$3$1.accept(ReferencePipeline.java:193)&#13;
	at java.util.stream.ForEachOps$ForEachOp$OfRef.accept(ForEachOps.java:184)&#13;
	at java.util.stream.ReferencePipeline$3$1.accept(ReferencePipeline.java:193)&#13;
	at java.util.Spliterators$ArraySpliterator.forEachRemaining(Spliterators.java:948)&#13;
	at java.util.stream.ReferencePipeline$Head.forEach(ReferencePipeline.java:580)&#13;
	at java.util.stream.ReferencePipeline$7$1.accept(ReferencePipeline.java:270)&#13;
	at java.util.stream.ReferencePipeline$3$1.accept(ReferencePipeline.java:193)&#13;
	at java.util.stream.ReferencePipeline$3$1.accept(ReferencePipeline.java:193)&#13;
	at java.util.Spliterators$ArraySpliterator.forEachRemaining(Spliterators.java:948)&#13;
	at java.util.stream.AbstractPipeline.copyInto(AbstractPipeline.java:481)&#13;
	at java.util.stream.AbstractPipeline.wrapAndCopyInto(AbstractPipeline.java:471)&#13;
	at java.util.stream.ForEachOps$ForEachOp.evaluateSequential(ForEachOps.java:151)&#13;
	at java.util.stream.ForEachOps$ForEachOp$OfRef.evaluateSequential(ForEachOps.java:174)&#13;
	at java.util.stream.AbstractPipeline.evaluate(AbstractPipeline.java:234)&#13;
	at java.util.stream.ReferencePipeline.forEach(ReferencePipeline.java:418)&#13;
	at java.util.stream.ReferencePipeline$7$1.accept(ReferencePipeline.java:270)&#13;
	at java.util.stream.ReferencePipeline$3$1.accept(ReferencePipeline.java:193)&#13;
	at java.util.stream.ReferencePipeline$3$1.accept(ReferencePipeline.java:193)&#13;
	at java.util.stream.ReferencePipeline$3$1.accept(ReferencePipeline.java:193)&#13;
	at java.util.ArrayList$ArrayListSpliterator.forEachRemaining(ArrayList.java:1382)&#13;
	at java.util.stream.AbstractPipeline.copyInto(AbstractPipeline.java:481)&#13;
	at java.util.stream.AbstractPipeline.wrapAndCopyInto(AbstractPipeline.java:471)&#13;
	at java.util.stream.ForEachOps$ForEachOp.evaluateSequential(ForEachOps.java:151)&#13;
	at java.util.stream.ForEachOps$ForEachOp$OfRef.evaluateSequential(ForEachOps.java:174)&#13;
	at java.util.stream.AbstractPipeline.evaluate(AbstractPipeline.java:234)&#13;
	at java.util.stream.ReferencePipeline.forEach(ReferencePipeline.java:418)&#13;
	at java.util.stream.ReferencePipeline$7$1.accept(ReferencePipeline.java:270)&#13;
	at java.util.ArrayList$ArrayListSpliterator.forEachRemaining(ArrayList.java:1382)&#13;
	at java.util.stream.AbstractPipeline.copyInto(AbstractPipeline.java:481)&#13;
	at java.util.stream.AbstractPipeline.wrapAndCopyInto(AbstractPipeline.java:471)&#13;
	at java.util.stream.ForEachOps$ForEachOp.evaluateSequential(ForEachOps.java:151)&#13;
	at java.util.stream.ForEachOps$ForEachOp$OfRef.evaluateSequential(ForEachOps.java:174)&#13;
	at java.util.stream.AbstractPipeline.evaluate(AbstractPipeline.java:234)&#13;
	at java.util.stream.ReferencePipeline.forEach(ReferencePipeline.java:418)&#13;
	at org.junit.jupiter.engine.descriptor.TestTemplateTestDescriptor.execute(TestTemplateTestDescriptor.java:101)&#13;
	at org.junit.jupiter.engine.descriptor.TestTemplateTestDescriptor.execute(TestTemplateTestDescriptor.java:38)&#13;
	at org.junit.platform.engine.support.hierarchical.NodeTestTask.lambda$executeRecursively$5(NodeTestTask.java:135)&#13;
	at org.junit.platform.engine.support.hierarchical.ThrowableCollector.execute(ThrowableCollector.java:73)&#13;
	at org.junit.platform.engine.support.hierarchical.NodeTestTask.lambda$executeRecursively$7(NodeTestTask.java:125)&#13;
	at org.junit.platform.engine.support.hierarchical.Node.around(Node.java:135)&#13;
	at org.junit.platform.engine.support.hierarchical.NodeTestTask.lambda$executeRecursively$8(NodeTestTask.java:123)&#13;
	at org.junit.platform.engine.support.hierarchical.ThrowableCollector.execute(ThrowableCollector.java:73)&#13;
	at org.junit.platform.engine.support.hierarchical.NodeTestTask.executeRecursively(NodeTestTask.java:122)&#13;
	at org.junit.platform.engine.support.hierarchical.NodeTestTask.execute(NodeTestTask.java:80)&#13;
	at java.util.ArrayList.forEach(ArrayList.java:1257)&#13;
	at org.junit.platform.engine.support.hierarchical.SameThreadHierarchicalTestExecutorService.invokeAll(SameThreadHierarchicalTestExecutorService.java:38)&#13;
	at org.junit.platform.engine.support.hierarchical.NodeTestTask.lambda$executeRecursively$5(NodeTestTask.java:139)&#13;
	at org.junit.platform.engine.support.hierarchical.ThrowableCollector.execute(ThrowableCollector.java:73)&#13;
	at org.junit.platform.engine.support.hierarchical.NodeTestTask.lambda$executeRecursively$7(NodeTestTask.java:125)&#13;
	at org.junit.platform.engine.support.hierarchical.Node.around(Node.java:135)&#13;
	at org.junit.platform.engine.support.hierarchical.NodeTestTask.lambda$executeRecursively$8(NodeTestTask.java:123)&#13;
	at org.junit.platform.engine.support.hierarchical.ThrowableCollector.execute(ThrowableCollector.java:73)&#13;
	at org.junit.platform.engine.support.hierarchical.NodeTestTask.executeRecursively(NodeTestTask.java:122)&#13;
	at org.junit.platform.engine.support.hierarchical.NodeTestTask.execute(NodeTestTask.java:80)&#13;
	at java.util.ArrayList.forEach(ArrayList.java:1257)&#13;
	at org.junit.platform.engine.support.hierarchical.SameThreadHierarchicalTestExecutorService.invokeAll(SameThreadHierarchicalTestExecutorService.java:38)&#13;
	at org.junit.platform.engine.support.hierarchical.NodeTestTask.lambda$executeRecursively$5(NodeTestTask.java:139)&#13;
	at org.junit.platform.engine.support.hierarchical.ThrowableCollector.execute(ThrowableCollector.java:73)&#13;
	at org.junit.platform.engine.support.hierarchical.NodeTestTask.lambda$executeRecursively$7(NodeTestTask.java:125)&#13;
	at org.junit.platform.engine.support.hierarchical.Node.around(Node.java:135)&#13;
	at org.junit.platform.engine.support.hierarchical.NodeTestTask.lambda$executeRecursively$8(NodeTestTask.java:123)&#13;
	at org.junit.platform.engine.support.hierarchical.ThrowableCollector.execute(ThrowableCollector.java:73)&#13;
	at org.junit.platform.engine.support.hierarchical.NodeTestTask.executeRecursively(NodeTestTask.java:122)&#13;
	at org.junit.platform.engine.support.hierarchical.NodeTestTask.execute(NodeTestTask.java:80)&#13;
	at org.junit.platform.engine.support.hierarchical.SameThreadHierarchicalTestExecutorService.submit(SameThreadHierarchicalTestExecutorService.java:32)&#13;
	at org.junit.platform.engine.support.hierarchical.HierarchicalTestExecutor.execute(HierarchicalTestExecutor.java:57)&#13;
	at org.junit.platform.engine.support.hierarchical.HierarchicalTestEngine.execute(HierarchicalTestEngine.java:51)&#13;
	at org.junit.platform.launcher.core.DefaultLauncher.execute(DefaultLauncher.java:248)&#13;
	at org.junit.platform.launcher.core.DefaultLauncher.lambda$execute$5(DefaultLauncher.java:211)&#13;
	at org.junit.platform.launcher.core.DefaultLauncher.withInterceptedStreams(DefaultLauncher.java:226)&#13;
	at org.junit.platform.launcher.core.DefaultLauncher.execute(DefaultLauncher.java:199)&#13;
	at org.junit.platform.launcher.core.DefaultLauncher.execute(DefaultLauncher.java:132)&#13;
	at com.intellij.junit5.JUnit5IdeaTestRunner.startRunnerWithArgs(JUnit5IdeaTestRunner.java:69)&#13;
	at com.intellij.rt.junit.IdeaTestRunner$Repeater.startRunnerWithArgs(IdeaTestRunner.java:33)&#13;
	at com.intellij.rt.junit.JUnitStarter.prepareStreamsAndStart(JUnitStarter.java:230)&#13;
	at com.intellij.rt.junit.JUnitStarter.main(JUnitStarter.java:58)&#13;
</output>
                </test>
                <test duration="221" locationUrl="java:test://Test_API_Java1/requestUs1" name="[4] q=, Belfast, APPID=9e36d5af654c0bc9e5994799dd93bd19" metainfo="java.lang.String, java.lang.String, java.lang.String" status="passed">
                    <output type="stdout"/>
                </test>
                <test duration="228" locationUrl="java:test://Test_API_Java1/requestUs1" name="[5] q=, Elgin, APPID=9e36d5af654c0bc9e5994799dd93bd19" metainfo="java.lang.String, java.lang.String, java.lang.String" status="failed">
                    <output type="stdout"/>
                    <output type="stderr">java.lang.AssertionError: 1 expectation failed.
JSON path sys.&amp;#39;country&amp;#39; doesn&amp;#39;t match.
Expected: GB
  Actual: US
&#13;
	at sun.reflect.NativeConstructorAccessorImpl.newInstance0(Native Method)&#13;
	at sun.reflect.NativeConstructorAccessorImpl.newInstance(NativeConstructorAccessorImpl.java:62)&#13;
	at sun.reflect.DelegatingConstructorAccessorImpl.newInstance(DelegatingConstructorAccessorImpl.java:45)&#13;
	at java.lang.reflect.Constructor.newInstance(Constructor.java:423)&#13;
	at org.codehaus.groovy.reflection.CachedConstructor.invoke(CachedConstructor.java:72)&#13;
	at org.codehaus.groovy.reflection.CachedConstructor.doConstructorInvoke(CachedConstructor.java:59)&#13;
	at org.codehaus.groovy.runtime.callsite.ConstructorSite$ConstructorSiteNoUnwrap.callConstructor(ConstructorSite.java:84)&#13;
	at org.codehaus.groovy.runtime.callsite.AbstractCallSite.callConstructor(AbstractCallSite.java:277)&#13;
	at io.restassured.internal.ResponseSpecificationImpl$HamcrestAssertionClosure.validate(ResponseSpecificationImpl.groovy:493)&#13;
	at io.restassured.internal.ResponseSpecificationImpl$HamcrestAssertionClosure$validate$1.call(Unknown Source)&#13;
	at io.restassured.internal.ResponseSpecificationImpl.validateResponseIfRequired(ResponseSpecificationImpl.groovy:674)&#13;
	at sun.reflect.NativeMethodAccessorImpl.invoke0(Native Method)&#13;
	at sun.reflect.NativeMethodAccessorImpl.invoke(NativeMethodAccessorImpl.java:62)&#13;
	at sun.reflect.DelegatingMethodAccessorImpl.invoke(DelegatingMethodAccessorImpl.java:43)&#13;
	at java.lang.reflect.Method.invoke(Method.java:498)&#13;
	at org.codehaus.groovy.runtime.callsite.PlainObjectMetaMethodSite.doInvoke(PlainObjectMetaMethodSite.java:43)&#13;
	at org.codehaus.groovy.runtime.callsite.PogoMetaMethodSite$PogoCachedMethodSiteNoUnwrapNoCoerce.invoke(PogoMetaMethodSite.java:193)&#13;
	at org.codehaus.groovy.runtime.callsite.PogoMetaMethodSite.callCurrent(PogoMetaMethodSite.java:61)&#13;
	at org.codehaus.groovy.runtime.callsite.AbstractCallSite.callCurrent(AbstractCallSite.java:185)&#13;
	at io.restassured.internal.ResponseSpecificationImpl.body(ResponseSpecificationImpl.groovy:261)&#13;
	at io.restassured.specification.ResponseSpecification$body$0.callCurrent(Unknown Source)&#13;
	at io.restassured.internal.ResponseSpecificationImpl.body(ResponseSpecificationImpl.groovy:108)&#13;
	at io.restassured.internal.ValidatableResponseOptionsImpl.body(ValidatableResponseOptionsImpl.java:244)&#13;
	at io.restassured.internal.ValidatableResponseImpl.super$2$body(ValidatableResponseImpl.groovy)&#13;
	at sun.reflect.NativeMethodAccessorImpl.invoke0(Native Method)&#13;
	at sun.reflect.NativeMethodAccessorImpl.invoke(NativeMethodAccessorImpl.java:62)&#13;
	at sun.reflect.DelegatingMethodAccessorImpl.invoke(DelegatingMethodAccessorImpl.java:43)&#13;
	at java.lang.reflect.Method.invoke(Method.java:498)&#13;
	at org.codehaus.groovy.reflection.CachedMethod.invoke(CachedMethod.java:107)&#13;
	at groovy.lang.MetaMethod.doMethodInvoke(MetaMethod.java:323)&#13;
	at groovy.lang.MetaClassImpl.invokeMethod(MetaClassImpl.java:1262)&#13;
	at org.codehaus.groovy.runtime.ScriptBytecodeAdapter.invokeMethodOnSuperN(ScriptBytecodeAdapter.java:144)&#13;
	at io.restassured.internal.ValidatableResponseImpl.body(ValidatableResponseImpl.groovy:298)&#13;
	at io.restassured.internal.ValidatableResponseImpl.body(ValidatableResponseImpl.groovy)&#13;
	at Test_API_Java1.requestUs1(Test_API_Java1.java:78)&#13;
	at sun.reflect.NativeMethodAccessorImpl.invoke0(Native Method)&#13;
	at sun.reflect.NativeMethodAccessorImpl.invoke(NativeMethodAccessorImpl.java:62)&#13;
	at sun.reflect.DelegatingMethodAccessorImpl.invoke(DelegatingMethodAccessorImpl.java:43)&#13;
	at java.lang.reflect.Method.invoke(Method.java:498)&#13;
	at org.junit.platform.commons.util.ReflectionUtils.invokeMethod(ReflectionUtils.java:675)&#13;
	at org.junit.jupiter.engine.execution.ExecutableInvoker.invoke(ExecutableInvoker.java:115)&#13;
	at org.junit.jupiter.engine.descriptor.TestMethodTestDescriptor.lambda$invokeTestMethod$6(TestMethodTestDescriptor.java:171)&#13;
	at org.junit.platform.engine.support.hierarchical.ThrowableCollector.execute(ThrowableCollector.java:73)&#13;
	at org.junit.jupiter.engine.descriptor.TestMethodTestDescriptor.invokeTestMethod(TestMethodTestDescriptor.java:167)&#13;
	at org.junit.jupiter.engine.descriptor.TestMethodTestDescriptor.execute(TestMethodTestDescriptor.java:114)&#13;
	at org.junit.jupiter.engine.descriptor.TestMethodTestDescriptor.execute(TestMethodTestDescriptor.java:59)&#13;
	at org.junit.platform.engine.support.hierarchical.NodeTestTask.lambda$executeRecursively$5(NodeTestTask.java:135)&#13;
	at org.junit.platform.engine.support.hierarchical.ThrowableCollector.execute(ThrowableCollector.java:73)&#13;
	at org.junit.platform.engine.support.hierarchical.NodeTestTask.lambda$executeRecursively$7(NodeTestTask.java:125)&#13;
	at org.junit.platform.engine.support.hierarchical.Node.around(Node.java:135)&#13;
	at org.junit.platform.engine.support.hierarchical.NodeTestTask.lambda$executeRecursively$8(NodeTestTask.java:123)&#13;
	at org.junit.platform.engine.support.hierarchical.ThrowableCollector.execute(ThrowableCollector.java:73)&#13;
	at org.junit.platform.engine.support.hierarchical.NodeTestTask.executeRecursively(NodeTestTask.java:122)&#13;
	at org.junit.platform.engine.support.hierarchical.NodeTestTask.execute(NodeTestTask.java:80)&#13;
	at org.junit.platform.engine.support.hierarchical.SameThreadHierarchicalTestExecutorService.submit(SameThreadHierarchicalTestExecutorService.java:32)&#13;
	at org.junit.platform.engine.support.hierarchical.NodeTestTask$DefaultDynamicTestExecutor.execute(NodeTestTask.java:198)&#13;
	at org.junit.jupiter.engine.descriptor.TestTemplateTestDescriptor.execute(TestTemplateTestDescriptor.java:133)&#13;
	at org.junit.jupiter.engine.descriptor.TestTemplateTestDescriptor.lambda$execute$2(TestTemplateTestDescriptor.java:101)&#13;
	at java.util.stream.ForEachOps$ForEachOp$OfRef.accept(ForEachOps.java:184)&#13;
	at java.util.stream.ReferencePipeline$3$1.accept(ReferencePipeline.java:193)&#13;
	at java.util.stream.ReferencePipeline$2$1.accept(ReferencePipeline.java:175)&#13;
	at java.util.stream.ReferencePipeline$3$1.accept(ReferencePipeline.java:193)&#13;
	at java.util.stream.ForEachOps$ForEachOp$OfRef.accept(ForEachOps.java:184)&#13;
	at java.util.stream.ReferencePipeline$11$1.accept(ReferencePipeline.java:373)&#13;
	at java.util.stream.ReferencePipeline$3$1.accept(ReferencePipeline.java:193)&#13;
	at java.util.stream.ReferencePipeline$3$1.accept(ReferencePipeline.java:193)&#13;
	at java.util.stream.ReferencePipeline$3$1.accept(ReferencePipeline.java:193)&#13;
	at java.util.stream.ForEachOps$ForEachOp$OfRef.accept(ForEachOps.java:184)&#13;
	at java.util.stream.ReferencePipeline$3$1.accept(ReferencePipeline.java:193)&#13;
	at java.util.Spliterators$ArraySpliterator.forEachRemaining(Spliterators.java:948)&#13;
	at java.util.stream.ReferencePipeline$Head.forEach(ReferencePipeline.java:580)&#13;
	at java.util.stream.ReferencePipeline$7$1.accept(ReferencePipeline.java:270)&#13;
	at java.util.stream.ReferencePipeline$3$1.accept(ReferencePipeline.java:193)&#13;
	at java.util.stream.ReferencePipeline$3$1.accept(ReferencePipeline.java:193)&#13;
	at java.util.Spliterators$ArraySpliterator.forEachRemaining(Spliterators.java:948)&#13;
	at java.util.stream.AbstractPipeline.copyInto(AbstractPipeline.java:481)&#13;
	at java.util.stream.AbstractPipeline.wrapAndCopyInto(AbstractPipeline.java:471)&#13;
	at java.util.stream.ForEachOps$ForEachOp.evaluateSequential(ForEachOps.java:151)&#13;
	at java.util.stream.ForEachOps$ForEachOp$OfRef.evaluateSequential(ForEachOps.java:174)&#13;
	at java.util.stream.AbstractPipeline.evaluate(AbstractPipeline.java:234)&#13;
	at java.util.stream.ReferencePipeline.forEach(ReferencePipeline.java:418)&#13;
	at java.util.stream.ReferencePipeline$7$1.accept(ReferencePipeline.java:270)&#13;
	at java.util.stream.ReferencePipeline$3$1.accept(ReferencePipeline.java:193)&#13;
	at java.util.stream.ReferencePipeline$3$1.accept(ReferencePipeline.java:193)&#13;
	at java.util.stream.ReferencePipeline$3$1.accept(ReferencePipeline.java:193)&#13;
	at java.util.ArrayList$ArrayListSpliterator.forEachRemaining(ArrayList.java:1382)&#13;
	at java.util.stream.AbstractPipeline.copyInto(AbstractPipeline.java:481)&#13;
	at java.util.stream.AbstractPipeline.wrapAndCopyInto(AbstractPipeline.java:471)&#13;
	at java.util.stream.ForEachOps$ForEachOp.evaluateSequential(ForEachOps.java:151)&#13;
	at java.util.stream.ForEachOps$ForEachOp$OfRef.evaluateSequential(ForEachOps.java:174)&#13;
	at java.util.stream.AbstractPipeline.evaluate(AbstractPipeline.java:234)&#13;
	at java.util.stream.ReferencePipeline.forEach(ReferencePipeline.java:418)&#13;
	at java.util.stream.ReferencePipeline$7$1.accept(ReferencePipeline.java:270)&#13;
	at java.util.ArrayList$ArrayListSpliterator.forEachRemaining(ArrayList.java:1382)&#13;
	at java.util.stream.AbstractPipeline.copyInto(AbstractPipeline.java:481)&#13;
	at java.util.stream.AbstractPipeline.wrapAndCopyInto(AbstractPipeline.java:471)&#13;
	at java.util.stream.ForEachOps$ForEachOp.evaluateSequential(ForEachOps.java:151)&#13;
	at java.util.stream.ForEachOps$ForEachOp$OfRef.evaluateSequential(ForEachOps.java:174)&#13;
	at java.util.stream.AbstractPipeline.evaluate(AbstractPipeline.java:234)&#13;
	at java.util.stream.ReferencePipeline.forEach(ReferencePipeline.java:418)&#13;
	at org.junit.jupiter.engine.descriptor.TestTemplateTestDescriptor.execute(TestTemplateTestDescriptor.java:101)&#13;
	at org.junit.jupiter.engine.descriptor.TestTemplateTestDescriptor.execute(TestTemplateTestDescriptor.java:38)&#13;
	at org.junit.platform.engine.support.hierarchical.NodeTestTask.lambda$executeRecursively$5(NodeTestTask.java:135)&#13;
	at org.junit.platform.engine.support.hierarchical.ThrowableCollector.execute(ThrowableCollector.java:73)&#13;
	at org.junit.platform.engine.support.hierarchical.NodeTestTask.lambda$executeRecursively$7(NodeTestTask.java:125)&#13;
	at org.junit.platform.engine.support.hierarchical.Node.around(Node.java:135)&#13;
	at org.junit.platform.engine.support.hierarchical.NodeTestTask.lambda$executeRecursively$8(NodeTestTask.java:123)&#13;
	at org.junit.platform.engine.support.hierarchical.ThrowableCollector.execute(ThrowableCollector.java:73)&#13;
	at org.junit.platform.engine.support.hierarchical.NodeTestTask.executeRecursively(NodeTestTask.java:122)&#13;
	at org.junit.platform.engine.support.hierarchical.NodeTestTask.execute(NodeTestTask.java:80)&#13;
	at java.util.ArrayList.forEach(ArrayList.java:1257)&#13;
	at org.junit.platform.engine.support.hierarchical.SameThreadHierarchicalTestExecutorService.invokeAll(SameThreadHierarchicalTestExecutorService.java:38)&#13;
	at org.junit.platform.engine.support.hierarchical.NodeTestTask.lambda$executeRecursively$5(NodeTestTask.java:139)&#13;
	at org.junit.platform.engine.support.hierarchical.ThrowableCollector.execute(ThrowableCollector.java:73)&#13;
	at org.junit.platform.engine.support.hierarchical.NodeTestTask.lambda$executeRecursively$7(NodeTestTask.java:125)&#13;
	at org.junit.platform.engine.support.hierarchical.Node.around(Node.java:135)&#13;
	at org.junit.platform.engine.support.hierarchical.NodeTestTask.lambda$executeRecursively$8(NodeTestTask.java:123)&#13;
	at org.junit.platform.engine.support.hierarchical.ThrowableCollector.execute(ThrowableCollector.java:73)&#13;
	at org.junit.platform.engine.support.hierarchical.NodeTestTask.executeRecursively(NodeTestTask.java:122)&#13;
	at org.junit.platform.engine.support.hierarchical.NodeTestTask.execute(NodeTestTask.java:80)&#13;
	at java.util.ArrayList.forEach(ArrayList.java:1257)&#13;
	at org.junit.platform.engine.support.hierarchical.SameThreadHierarchicalTestExecutorService.invokeAll(SameThreadHierarchicalTestExecutorService.java:38)&#13;
	at org.junit.platform.engine.support.hierarchical.NodeTestTask.lambda$executeRecursively$5(NodeTestTask.java:139)&#13;
	at org.junit.platform.engine.support.hierarchical.ThrowableCollector.execute(ThrowableCollector.java:73)&#13;
	at org.junit.platform.engine.support.hierarchical.NodeTestTask.lambda$executeRecursively$7(NodeTestTask.java:125)&#13;
	at org.junit.platform.engine.support.hierarchical.Node.around(Node.java:135)&#13;
	at org.junit.platform.engine.support.hierarchical.NodeTestTask.lambda$executeRecursively$8(NodeTestTask.java:123)&#13;
	at org.junit.platform.engine.support.hierarchical.ThrowableCollector.execute(ThrowableCollector.java:73)&#13;
	at org.junit.platform.engine.support.hierarchical.NodeTestTask.executeRecursively(NodeTestTask.java:122)&#13;
	at org.junit.platform.engine.support.hierarchical.NodeTestTask.execute(NodeTestTask.java:80)&#13;
	at org.junit.platform.engine.support.hierarchical.SameThreadHierarchicalTestExecutorService.submit(SameThreadHierarchicalTestExecutorService.java:32)&#13;
	at org.junit.platform.engine.support.hierarchical.HierarchicalTestExecutor.execute(HierarchicalTestExecutor.java:57)&#13;
	at org.junit.platform.engine.support.hierarchical.HierarchicalTestEngine.execute(HierarchicalTestEngine.java:51)&#13;
	at org.junit.platform.launcher.core.DefaultLauncher.execute(DefaultLauncher.java:248)&#13;
	at org.junit.platform.launcher.core.DefaultLauncher.lambda$execute$5(DefaultLauncher.java:211)&#13;
	at org.junit.platform.launcher.core.DefaultLauncher.withInterceptedStreams(DefaultLauncher.java:226)&#13;
	at org.junit.platform.launcher.core.DefaultLauncher.execute(DefaultLauncher.java:199)&#13;
	at org.junit.platform.launcher.core.DefaultLauncher.execute(DefaultLauncher.java:132)&#13;
	at com.intellij.junit5.JUnit5IdeaTestRunner.startRunnerWithArgs(JUnit5IdeaTestRunner.java:69)&#13;
	at com.intellij.rt.junit.IdeaTestRunner$Repeater.startRunnerWithArgs(IdeaTestRunner.java:33)&#13;
	at com.intellij.rt.junit.JUnitStarter.prepareStreamsAndStart(JUnitStarter.java:230)&#13;
	at com.intellij.rt.junit.JUnitStarter.main(JUnitStarter.java:58)&#13;
</output>
                </test>
                <test duration="221" locationUrl="java:test://Test_API_Java1/requestUs1" name="[6] q=, Bude, APPID=9e36d5af654c0bc9e5994799dd93bd19" metainfo="java.lang.String, java.lang.String, java.lang.String" status="passed">
                    <output type="stdout"/>
                </test>
                <test duration="201" locationUrl="java:test://Test_API_Java1/requestUs1" name="[7] q=, Ashford, appid=9e36d5af654c0bc9e5994799dd93bd19" metainfo="java.lang.String, java.lang.String, java.lang.String" status="passed">
                    <output type="stdout"/>
                </test>
            </suite>
            <suite duration="1542" locationUrl="java:test://Test_API_Java1/requestUs2" name="Проверка на соответствие количества полей в разделе погода" metainfo="java.lang.String, java.lang.String, java.lang.String" status="passed">
                <test duration="291" locationUrl="java:test://Test_API_Java1/requestUs2" name="[1] q=, London, APPID=9e36d5af654c0bc9e5994799dd93bd19" metainfo="java.lang.String, java.lang.String, java.lang.String" status="passed">
                    <output type="stdout"/>
                </test>
                <test duration="208" locationUrl="java:test://Test_API_Java1/requestUs2" name="[2] q=, Liverpool, APPID=9e36d5af654c0bc9e5994799dd93bd19" metainfo="java.lang.String, java.lang.String, java.lang.String" status="passed">
                    <output type="stdout"/>
                </test>
                <test duration="201" locationUrl="java:test://Test_API_Java1/requestUs2" name="[3] q=, Riga, APPID=9e36d5af654c0bc9e5994799dd93bd19" metainfo="java.lang.String, java.lang.String, java.lang.String" status="passed">
                    <output type="stdout"/>
                </test>
                <test duration="226" locationUrl="java:test://Test_API_Java1/requestUs2" name="[4] q=, Belfast, APPID=9e36d5af654c0bc9e5994799dd93bd19" metainfo="java.lang.String, java.lang.String, java.lang.String" status="passed">
                    <output type="stdout"/>
                </test>
                <test duration="210" locationUrl="java:test://Test_API_Java1/requestUs2" name="[5] q=, Elgin, APPID=9e36d5af654c0bc9e5994799dd93bd19" metainfo="java.lang.String, java.lang.String, java.lang.String" status="passed">
                    <output type="stdout"/>
                </test>
                <test duration="200" locationUrl="java:test://Test_API_Java1/requestUs2" name="[6] q=, Bude, APPID=9e36d5af654c0bc9e5994799dd93bd19" metainfo="java.lang.String, java.lang.String, java.lang.String" status="passed">
                    <output type="stdout"/>
                </test>
                <test duration="206" locationUrl="java:test://Test_API_Java1/requestUs2" name="[7] q=, Ashford, appid=9e36d5af654c0bc9e5994799dd93bd19" metainfo="java.lang.String, java.lang.String, java.lang.String" status="passed">
                    <output type="stdout"/>
                </test>
            </suite>
            <suite duration="3083" locationUrl="java:test://Test_API_Java1/requestUs3" name="Проверка на то что температура в пределах максимума и минимума" metainfo="java.lang.String, java.lang.String, java.lang.String" status="passed">
                <test duration="450" locationUrl="java:test://Test_API_Java1/requestUs3" name="[1] q=, London, APPID=9e36d5af654c0bc9e5994799dd93bd19" metainfo="java.lang.String, java.lang.String, java.lang.String" status="passed">
                    <output type="stdout">290.68 285.27 291.48
</output>
                </test>
                <test duration="434" locationUrl="java:test://Test_API_Java1/requestUs3" name="[2] q=, Liverpool, APPID=9e36d5af654c0bc9e5994799dd93bd19" metainfo="java.lang.String, java.lang.String, java.lang.String" status="passed">
                    <output type="stdout">288.1 279.79 289.26
</output>
                </test>
                <test duration="448" locationUrl="java:test://Test_API_Java1/requestUs3" name="[3] q=, Riga, APPID=9e36d5af654c0bc9e5994799dd93bd19" metainfo="java.lang.String, java.lang.String, java.lang.String" status="passed">
                    <output type="stdout">284.15 280.66 284.15
</output>
                </test>
                <test duration="435" locationUrl="java:test://Test_API_Java1/requestUs3" name="[4] q=, Belfast, APPID=9e36d5af654c0bc9e5994799dd93bd19" metainfo="java.lang.String, java.lang.String, java.lang.String" status="passed">
                    <output type="stdout">286.83 276.03 287.15
</output>
                </test>
                <test duration="474" locationUrl="java:test://Test_API_Java1/requestUs3" name="[5] q=, Elgin, APPID=9e36d5af654c0bc9e5994799dd93bd19" metainfo="java.lang.String, java.lang.String, java.lang.String" status="passed">
                    <output type="stdout">291.93 291.95 293.15
</output>
                </test>
                <test duration="422" locationUrl="java:test://Test_API_Java1/requestUs3" name="[6] q=, Bude, APPID=9e36d5af654c0bc9e5994799dd93bd19" metainfo="java.lang.String, java.lang.String, java.lang.String" status="passed">
                    <output type="stdout">286.52 284.06 287.04
</output>
                </test>
                <test duration="420" locationUrl="java:test://Test_API_Java1/requestUs3" name="[7] q=, Ashford, appid=9e36d5af654c0bc9e5994799dd93bd19" metainfo="java.lang.String, java.lang.String, java.lang.String" status="passed">
                    <output type="stdout">288.24 285.55 288.71
</output>
                </test>
            </suite>
            <suite duration="1651" locationUrl="java:test://Test_API_Java1/requestUs4" name="Проверка на то что температура в пределах максимума и минимума" metainfo="java.lang.String, java.lang.String, java.lang.String" status="passed">
                <test duration="233" locationUrl="java:test://Test_API_Java1/requestUs4" name="[1] q=, London, APPID=9e36d5af654c0bc9e5994799dd93bd19" metainfo="java.lang.String, java.lang.String, java.lang.String" status="passed">
                    <output type="stdout">290.68 289.82 291.48
</output>
                </test>
                <test duration="217" locationUrl="java:test://Test_API_Java1/requestUs4" name="[2] q=, Liverpool, APPID=9e36d5af654c0bc9e5994799dd93bd19" metainfo="java.lang.String, java.lang.String, java.lang.String" status="passed">
                    <output type="stdout">288.1 287.04 289.26
</output>
                </test>
                <test duration="228" locationUrl="java:test://Test_API_Java1/requestUs4" name="[3] q=, Riga, APPID=9e36d5af654c0bc9e5994799dd93bd19" metainfo="java.lang.String, java.lang.String, java.lang.String" status="passed">
                    <output type="stdout">284.15 284.15 284.15
</output>
                </test>
                <test duration="229" locationUrl="java:test://Test_API_Java1/requestUs4" name="[4] q=, Belfast, APPID=9e36d5af654c0bc9e5994799dd93bd19" metainfo="java.lang.String, java.lang.String, java.lang.String" status="passed">
                    <output type="stdout">286.83 286.15 287.15
</output>
                </test>
                <test duration="236" locationUrl="java:test://Test_API_Java1/requestUs4" name="[5] q=, Elgin, APPID=9e36d5af654c0bc9e5994799dd93bd19" metainfo="java.lang.String, java.lang.String, java.lang.String" status="passed">
                    <output type="stdout">291.93 290.93 293.15
</output>
                </test>
                <test duration="265" locationUrl="java:test://Test_API_Java1/requestUs4" name="[6] q=, Bude, APPID=9e36d5af654c0bc9e5994799dd93bd19" metainfo="java.lang.String, java.lang.String, java.lang.String" status="passed">
                    <output type="stdout">286.52 285.93 287.04
</output>
                </test>
                <test duration="243" locationUrl="java:test://Test_API_Java1/requestUs4" name="[7] q=, Ashford, appid=9e36d5af654c0bc9e5994799dd93bd19" metainfo="java.lang.String, java.lang.String, java.lang.String" status="passed">
                    <output type="stdout">288.24 288.15 288.71
</output>
                </test>
            </suite>
            <suite duration="1495" locationUrl="java:test://Test_API_Java1/requestUs" name="Проверка на соответствие ответа формату json, соответствие статус кода, соответствие города в запросе и в ответе" metainfo="java.lang.String, java.lang.String, java.lang.String" status="failed">
                <test duration="264" locationUrl="java:test://Test_API_Java1/requestUs" name="[1] q=, London, APPID=9e36d5af654c0bc9e5994799dd93bd19" metainfo="java.lang.String, java.lang.String, java.lang.String" status="passed">
                    <output type="stdout">Request method:	GET
Request URI:	http://api.openweathermap.org/data/2.5/weather?q=London&amp;amp;APPID=9e36d5af654c0bc9e5994799dd93bd19
Proxy:			&amp;lt;none&amp;gt;
Request params:	&amp;lt;none&amp;gt;
Query params:	&amp;lt;none&amp;gt;
Form params:	&amp;lt;none&amp;gt;
Path params:	payload1=q=
				payload2=London
				payload3=APPID=9e36d5af654c0bc9e5994799dd93bd19
Headers:		Accept=*/*
				Content-Type=application/json; charset=UTF-8
Cookies:		&amp;lt;none&amp;gt;
Multiparts:		&amp;lt;none&amp;gt;
Body:			&amp;lt;none&amp;gt;
HTTP/1.1 200 OK
Server: openresty
Date: Fri, 22 May 2020 18:53:12 GMT
Content-Type: application/json; charset=utf-8
Content-Length: 471
Connection: keep-alive
X-Cache-Key: /data/2.5/weather?APPID=9e36d5af654c0bc9e5994799dd93bd19&amp;amp;q=london
Access-Control-Allow-Origin: *
Access-Control-Allow-Credentials: true
Access-Control-Allow-Methods: GET, POST
{
    &amp;quot;coord&amp;quot;: {
        &amp;quot;lon&amp;quot;: -0.13,
        &amp;quot;lat&amp;quot;: 51.51
    },
    &amp;quot;weather&amp;quot;: [
        {
            &amp;quot;id&amp;quot;: 804,
            &amp;quot;main&amp;quot;: &amp;quot;Clouds&amp;quot;,
            &amp;quot;description&amp;quot;: &amp;quot;overcast clouds&amp;quot;,
            &amp;quot;icon&amp;quot;: &amp;quot;04d&amp;quot;
        }
    ],
    &amp;quot;base&amp;quot;: &amp;quot;stations&amp;quot;,
    &amp;quot;main&amp;quot;: {
        &amp;quot;temp&amp;quot;: 290.68,
        &amp;quot;feels_like&amp;quot;: 285.27,
        &amp;quot;temp_min&amp;quot;: 289.82,
        &amp;quot;temp_max&amp;quot;: 291.48,
        &amp;quot;pressure&amp;quot;: 1017,
        &amp;quot;humidity&amp;quot;: 55
    },
    &amp;quot;visibility&amp;quot;: 10000,
    &amp;quot;wind&amp;quot;: {
        &amp;quot;speed&amp;quot;: 7.2,
        &amp;quot;deg&amp;quot;: 220
    },
    &amp;quot;clouds&amp;quot;: {
        &amp;quot;all&amp;quot;: 100
    },
    &amp;quot;dt&amp;quot;: 1590173188,
    &amp;quot;sys&amp;quot;: {
        &amp;quot;type&amp;quot;: 1,
        &amp;quot;id&amp;quot;: 1414,
        &amp;quot;country&amp;quot;: &amp;quot;GB&amp;quot;,
        &amp;quot;sunrise&amp;quot;: 1590119930,
        &amp;quot;sunset&amp;quot;: 1590177354
    },
    &amp;quot;timezone&amp;quot;: 3600,
    &amp;quot;id&amp;quot;: 2643743,
    &amp;quot;name&amp;quot;: &amp;quot;London&amp;quot;,
    &amp;quot;cod&amp;quot;: 200
}
</output>
                </test>
                <test duration="201" locationUrl="java:test://Test_API_Java1/requestUs" name="[2] q=, Liverpool, APPID=9e36d5af654c0bc9e5994799dd93bd19" metainfo="java.lang.String, java.lang.String, java.lang.String" status="passed">
                    <output type="stdout">Request method:	GET
Request URI:	http://api.openweathermap.org/data/2.5/weather?q=Liverpool&amp;amp;APPID=9e36d5af654c0bc9e5994799dd93bd19
Proxy:			&amp;lt;none&amp;gt;
Request params:	&amp;lt;none&amp;gt;
Query params:	&amp;lt;none&amp;gt;
Form params:	&amp;lt;none&amp;gt;
Path params:	payload1=q=
				payload2=Liverpool
				payload3=APPID=9e36d5af654c0bc9e5994799dd93bd19
Headers:		Accept=*/*
				Content-Type=application/json; charset=UTF-8
Cookies:		&amp;lt;none&amp;gt;
Multiparts:		&amp;lt;none&amp;gt;
Body:			&amp;lt;none&amp;gt;
HTTP/1.1 200 OK
Server: openresty
Date: Fri, 22 May 2020 18:53:12 GMT
Content-Type: application/json; charset=utf-8
Content-Length: 465
Connection: keep-alive
X-Cache-Key: /data/2.5/weather?APPID=9e36d5af654c0bc9e5994799dd93bd19&amp;amp;q=liverpool
Access-Control-Allow-Origin: *
Access-Control-Allow-Credentials: true
Access-Control-Allow-Methods: GET, POST
{
    &amp;quot;coord&amp;quot;: {
        &amp;quot;lon&amp;quot;: -2.98,
        &amp;quot;lat&amp;quot;: 53.41
    },
    &amp;quot;weather&amp;quot;: [
        {
            &amp;quot;id&amp;quot;: 800,
            &amp;quot;main&amp;quot;: &amp;quot;Clear&amp;quot;,
            &amp;quot;description&amp;quot;: &amp;quot;clear sky&amp;quot;,
            &amp;quot;icon&amp;quot;: &amp;quot;01d&amp;quot;
        }
    ],
    &amp;quot;base&amp;quot;: &amp;quot;stations&amp;quot;,
    &amp;quot;main&amp;quot;: {
        &amp;quot;temp&amp;quot;: 288.1,
        &amp;quot;feels_like&amp;quot;: 279.79,
        &amp;quot;temp_min&amp;quot;: 287.04,
        &amp;quot;temp_max&amp;quot;: 289.26,
        &amp;quot;pressure&amp;quot;: 1011,
        &amp;quot;humidity&amp;quot;: 58
    },
    &amp;quot;visibility&amp;quot;: 10000,
    &amp;quot;wind&amp;quot;: {
        &amp;quot;speed&amp;quot;: 10.8,
        &amp;quot;deg&amp;quot;: 230
    },
    &amp;quot;clouds&amp;quot;: {
        &amp;quot;all&amp;quot;: 0
    },
    &amp;quot;dt&amp;quot;: 1590173195,
    &amp;quot;sys&amp;quot;: {
        &amp;quot;type&amp;quot;: 1,
        &amp;quot;id&amp;quot;: 1399,
        &amp;quot;country&amp;quot;: &amp;quot;GB&amp;quot;,
        &amp;quot;sunrise&amp;quot;: 1590120062,
        &amp;quot;sunset&amp;quot;: 1590178591
    },
    &amp;quot;timezone&amp;quot;: 3600,
    &amp;quot;id&amp;quot;: 2644210,
    &amp;quot;name&amp;quot;: &amp;quot;Liverpool&amp;quot;,
    &amp;quot;cod&amp;quot;: 200
}
</output>
                </test>
                <test duration="207" locationUrl="java:test://Test_API_Java1/requestUs" name="[3] q=, Riga, APPID=9e36d5af654c0bc9e5994799dd93bd19" metainfo="java.lang.String, java.lang.String, java.lang.String" status="failed">
                    <output type="stdout">Request method:	GET
Request URI:	http://api.openweathermap.org/data/2.5/weather?q=Riga&amp;amp;APPID=9e36d5af654c0bc9e5994799dd93bd19
Proxy:			&amp;lt;none&amp;gt;
Request params:	&amp;lt;none&amp;gt;
Query params:	&amp;lt;none&amp;gt;
Form params:	&amp;lt;none&amp;gt;
Path params:	payload1=q=
				payload2=Riga
				payload3=APPID=9e36d5af654c0bc9e5994799dd93bd19
Headers:		Accept=*/*
				Content-Type=application/json; charset=UTF-8
Cookies:		&amp;lt;none&amp;gt;
Multiparts:		&amp;lt;none&amp;gt;
Body:			&amp;lt;none&amp;gt;
HTTP/1.1 200 OK
Server: openresty
Date: Fri, 22 May 2020 18:53:12 GMT
Content-Type: application/json; charset=utf-8
Content-Length: 458
Connection: keep-alive
X-Cache-Key: /data/2.5/weather?APPID=9e36d5af654c0bc9e5994799dd93bd19&amp;amp;q=riga
Access-Control-Allow-Origin: *
Access-Control-Allow-Credentials: true
Access-Control-Allow-Methods: GET, POST
{
    &amp;quot;coord&amp;quot;: {
        &amp;quot;lon&amp;quot;: 24.08,
        &amp;quot;lat&amp;quot;: 57
    },
    &amp;quot;weather&amp;quot;: [
        {
            &amp;quot;id&amp;quot;: 800,
            &amp;quot;main&amp;quot;: &amp;quot;Clear&amp;quot;,
            &amp;quot;description&amp;quot;: &amp;quot;clear sky&amp;quot;,
            &amp;quot;icon&amp;quot;: &amp;quot;01n&amp;quot;
        }
    ],
    &amp;quot;base&amp;quot;: &amp;quot;stations&amp;quot;,
    &amp;quot;main&amp;quot;: {
        &amp;quot;temp&amp;quot;: 284.15,
        &amp;quot;feels_like&amp;quot;: 280.66,
        &amp;quot;temp_min&amp;quot;: 284.15,
        &amp;quot;temp_max&amp;quot;: 284.15,
        &amp;quot;pressure&amp;quot;: 1022,
        &amp;quot;humidity&amp;quot;: 62
    },
    &amp;quot;visibility&amp;quot;: 10000,
    &amp;quot;wind&amp;quot;: {
        &amp;quot;speed&amp;quot;: 3.1,
        &amp;quot;deg&amp;quot;: 330
    },
    &amp;quot;clouds&amp;quot;: {
        &amp;quot;all&amp;quot;: 0
    },
    &amp;quot;dt&amp;quot;: 1590173403,
    &amp;quot;sys&amp;quot;: {
        &amp;quot;type&amp;quot;: 1,
        &amp;quot;id&amp;quot;: 1876,
        &amp;quot;country&amp;quot;: &amp;quot;LV&amp;quot;,
        &amp;quot;sunrise&amp;quot;: 1590112331,
        &amp;quot;sunset&amp;quot;: 1590173332
    },
    &amp;quot;timezone&amp;quot;: 10800,
    &amp;quot;id&amp;quot;: 456173,
    &amp;quot;name&amp;quot;: &amp;quot;Rīga&amp;quot;,
    &amp;quot;cod&amp;quot;: 200
}
</output>
                    <output type="stderr">java.lang.AssertionError: 1 expectation failed.
JSON path name doesn&amp;#39;t match.
Expected: Riga
  Actual: Rīga
&#13;
	at sun.reflect.NativeConstructorAccessorImpl.newInstance0(Native Method)&#13;
	at sun.reflect.NativeConstructorAccessorImpl.newInstance(NativeConstructorAccessorImpl.java:62)&#13;
	at sun.reflect.DelegatingConstructorAccessorImpl.newInstance(DelegatingConstructorAccessorImpl.java:45)&#13;
	at java.lang.reflect.Constructor.newInstance(Constructor.java:423)&#13;
	at org.codehaus.groovy.reflection.CachedConstructor.invoke(CachedConstructor.java:72)&#13;
	at org.codehaus.groovy.reflection.CachedConstructor.doConstructorInvoke(CachedConstructor.java:59)&#13;
	at org.codehaus.groovy.runtime.callsite.ConstructorSite$ConstructorSiteNoUnwrap.callConstructor(ConstructorSite.java:84)&#13;
	at org.codehaus.groovy.runtime.callsite.AbstractCallSite.callConstructor(AbstractCallSite.java:277)&#13;
	at io.restassured.internal.ResponseSpecificationImpl$HamcrestAssertionClosure.validate(ResponseSpecificationImpl.groovy:493)&#13;
	at io.restassured.internal.ResponseSpecificationImpl$HamcrestAssertionClosure$validate$1.call(Unknown Source)&#13;
	at io.restassured.internal.ResponseSpecificationImpl.validateResponseIfRequired(ResponseSpecificationImpl.groovy:674)&#13;
	at sun.reflect.GeneratedMethodAccessor147.invoke(Unknown Source)&#13;
	at sun.reflect.DelegatingMethodAccessorImpl.invoke(DelegatingMethodAccessorImpl.java:43)&#13;
	at java.lang.reflect.Method.invoke(Method.java:498)&#13;
	at org.codehaus.groovy.runtime.callsite.PlainObjectMetaMethodSite.doInvoke(PlainObjectMetaMethodSite.java:43)&#13;
	at org.codehaus.groovy.runtime.callsite.PogoMetaMethodSite$PogoCachedMethodSiteNoUnwrapNoCoerce.invoke(PogoMetaMethodSite.java:193)&#13;
	at org.codehaus.groovy.runtime.callsite.PogoMetaMethodSite.callCurrent(PogoMetaMethodSite.java:61)&#13;
	at org.codehaus.groovy.runtime.callsite.AbstractCallSite.callCurrent(AbstractCallSite.java:185)&#13;
	at io.restassured.internal.ResponseSpecificationImpl.body(ResponseSpecificationImpl.groovy:261)&#13;
	at io.restassured.specification.ResponseSpecification$body$0.callCurrent(Unknown Source)&#13;
	at io.restassured.internal.ResponseSpecificationImpl.body(ResponseSpecificationImpl.groovy:108)&#13;
	at io.restassured.internal.ValidatableResponseOptionsImpl.body(ValidatableResponseOptionsImpl.java:244)&#13;
	at io.restassured.internal.ValidatableResponseImpl.super$2$body(ValidatableResponseImpl.groovy)&#13;
	at sun.reflect.GeneratedMethodAccessor146.invoke(Unknown Source)&#13;
	at sun.reflect.DelegatingMethodAccessorImpl.invoke(DelegatingMethodAccessorImpl.java:43)&#13;
	at java.lang.reflect.Method.invoke(Method.java:498)&#13;
	at org.codehaus.groovy.reflection.CachedMethod.invoke(CachedMethod.java:107)&#13;
	at groovy.lang.MetaMethod.doMethodInvoke(MetaMethod.java:323)&#13;
	at groovy.lang.MetaClassImpl.invokeMethod(MetaClassImpl.java:1262)&#13;
	at org.codehaus.groovy.runtime.ScriptBytecodeAdapter.invokeMethodOnSuperN(ScriptBytecodeAdapter.java:144)&#13;
	at io.restassured.internal.ValidatableResponseImpl.body(ValidatableResponseImpl.groovy:298)&#13;
	at io.restassured.internal.ValidatableResponseImpl.body(ValidatableResponseImpl.groovy)&#13;
	at Test_API_Java1.requestUs(Test_API_Java1.java:59)&#13;
	at sun.reflect.NativeMethodAccessorImpl.invoke0(Native Method)&#13;
	at sun.reflect.NativeMethodAccessorImpl.invoke(NativeMethodAccessorImpl.java:62)&#13;
	at sun.reflect.DelegatingMethodAccessorImpl.invoke(DelegatingMethodAccessorImpl.java:43)&#13;
	at java.lang.reflect.Method.invoke(Method.java:498)&#13;
	at org.junit.platform.commons.util.ReflectionUtils.invokeMethod(ReflectionUtils.java:675)&#13;
	at org.junit.jupiter.engine.execution.ExecutableInvoker.invoke(ExecutableInvoker.java:115)&#13;
	at org.junit.jupiter.engine.descriptor.TestMethodTestDescriptor.lambda$invokeTestMethod$6(TestMethodTestDescriptor.java:171)&#13;
	at org.junit.platform.engine.support.hierarchical.ThrowableCollector.execute(ThrowableCollector.java:73)&#13;
	at org.junit.jupiter.engine.descriptor.TestMethodTestDescriptor.invokeTestMethod(TestMethodTestDescriptor.java:167)&#13;
	at org.junit.jupiter.engine.descriptor.TestMethodTestDescriptor.execute(TestMethodTestDescriptor.java:114)&#13;
	at org.junit.jupiter.engine.descriptor.TestMethodTestDescriptor.execute(TestMethodTestDescriptor.java:59)&#13;
	at org.junit.platform.engine.support.hierarchical.NodeTestTask.lambda$executeRecursively$5(NodeTestTask.java:135)&#13;
	at org.junit.platform.engine.support.hierarchical.ThrowableCollector.execute(ThrowableCollector.java:73)&#13;
	at org.junit.platform.engine.support.hierarchical.NodeTestTask.lambda$executeRecursively$7(NodeTestTask.java:125)&#13;
	at org.junit.platform.engine.support.hierarchical.Node.around(Node.java:135)&#13;
	at org.junit.platform.engine.support.hierarchical.NodeTestTask.lambda$executeRecursively$8(NodeTestTask.java:123)&#13;
	at org.junit.platform.engine.support.hierarchical.ThrowableCollector.execute(ThrowableCollector.java:73)&#13;
	at org.junit.platform.engine.support.hierarchical.NodeTestTask.executeRecursively(NodeTestTask.java:122)&#13;
	at org.junit.platform.engine.support.hierarchical.NodeTestTask.execute(NodeTestTask.java:80)&#13;
	at org.junit.platform.engine.support.hierarchical.SameThreadHierarchicalTestExecutorService.submit(SameThreadHierarchicalTestExecutorService.java:32)&#13;
	at org.junit.platform.engine.support.hierarchical.NodeTestTask$DefaultDynamicTestExecutor.execute(NodeTestTask.java:198)&#13;
	at org.junit.jupiter.engine.descriptor.TestTemplateTestDescriptor.execute(TestTemplateTestDescriptor.java:133)&#13;
	at org.junit.jupiter.engine.descriptor.TestTemplateTestDescriptor.lambda$execute$2(TestTemplateTestDescriptor.java:101)&#13;
	at java.util.stream.ForEachOps$ForEachOp$OfRef.accept(ForEachOps.java:184)&#13;
	at java.util.stream.ReferencePipeline$3$1.accept(ReferencePipeline.java:193)&#13;
	at java.util.stream.ReferencePipeline$2$1.accept(ReferencePipeline.java:175)&#13;
	at java.util.stream.ReferencePipeline$3$1.accept(ReferencePipeline.java:193)&#13;
	at java.util.stream.ForEachOps$ForEachOp$OfRef.accept(ForEachOps.java:184)&#13;
	at java.util.stream.ReferencePipeline$11$1.accept(ReferencePipeline.java:373)&#13;
	at java.util.stream.ReferencePipeline$3$1.accept(ReferencePipeline.java:193)&#13;
	at java.util.stream.ReferencePipeline$3$1.accept(ReferencePipeline.java:193)&#13;
	at java.util.stream.ReferencePipeline$3$1.accept(ReferencePipeline.java:193)&#13;
	at java.util.stream.ForEachOps$ForEachOp$OfRef.accept(ForEachOps.java:184)&#13;
	at java.util.stream.ReferencePipeline$3$1.accept(ReferencePipeline.java:193)&#13;
	at java.util.Spliterators$ArraySpliterator.forEachRemaining(Spliterators.java:948)&#13;
	at java.util.stream.ReferencePipeline$Head.forEach(ReferencePipeline.java:580)&#13;
	at java.util.stream.ReferencePipeline$7$1.accept(ReferencePipeline.java:270)&#13;
	at java.util.stream.ReferencePipeline$3$1.accept(ReferencePipeline.java:193)&#13;
	at java.util.stream.ReferencePipeline$3$1.accept(ReferencePipeline.java:193)&#13;
	at java.util.Spliterators$ArraySpliterator.forEachRemaining(Spliterators.java:948)&#13;
	at java.util.stream.AbstractPipeline.copyInto(AbstractPipeline.java:481)&#13;
	at java.util.stream.AbstractPipeline.wrapAndCopyInto(AbstractPipeline.java:471)&#13;
	at java.util.stream.ForEachOps$ForEachOp.evaluateSequential(ForEachOps.java:151)&#13;
	at java.util.stream.ForEachOps$ForEachOp$OfRef.evaluateSequential(ForEachOps.java:174)&#13;
	at java.util.stream.AbstractPipeline.evaluate(AbstractPipeline.java:234)&#13;
	at java.util.stream.ReferencePipeline.forEach(ReferencePipeline.java:418)&#13;
	at java.util.stream.ReferencePipeline$7$1.accept(ReferencePipeline.java:270)&#13;
	at java.util.stream.ReferencePipeline$3$1.accept(ReferencePipeline.java:193)&#13;
	at java.util.stream.ReferencePipeline$3$1.accept(ReferencePipeline.java:193)&#13;
	at java.util.stream.ReferencePipeline$3$1.accept(ReferencePipeline.java:193)&#13;
	at java.util.ArrayList$ArrayListSpliterator.forEachRemaining(ArrayList.java:1382)&#13;
	at java.util.stream.AbstractPipeline.copyInto(AbstractPipeline.java:481)&#13;
	at java.util.stream.AbstractPipeline.wrapAndCopyInto(AbstractPipeline.java:471)&#13;
	at java.util.stream.ForEachOps$ForEachOp.evaluateSequential(ForEachOps.java:151)&#13;
	at java.util.stream.ForEachOps$ForEachOp$OfRef.evaluateSequential(ForEachOps.java:174)&#13;
	at java.util.stream.AbstractPipeline.evaluate(AbstractPipeline.java:234)&#13;
	at java.util.stream.ReferencePipeline.forEach(ReferencePipeline.java:418)&#13;
	at java.util.stream.ReferencePipeline$7$1.accept(ReferencePipeline.java:270)&#13;
	at java.util.ArrayList$ArrayListSpliterator.forEachRemaining(ArrayList.java:1382)&#13;
	at java.util.stream.AbstractPipeline.copyInto(AbstractPipeline.java:481)&#13;
	at java.util.stream.AbstractPipeline.wrapAndCopyInto(AbstractPipeline.java:471)&#13;
	at java.util.stream.ForEachOps$ForEachOp.evaluateSequential(ForEachOps.java:151)&#13;
	at java.util.stream.ForEachOps$ForEachOp$OfRef.evaluateSequential(ForEachOps.java:174)&#13;
	at java.util.stream.AbstractPipeline.evaluate(AbstractPipeline.java:234)&#13;
	at java.util.stream.ReferencePipeline.forEach(ReferencePipeline.java:418)&#13;
	at org.junit.jupiter.engine.descriptor.TestTemplateTestDescriptor.execute(TestTemplateTestDescriptor.java:101)&#13;
	at org.junit.jupiter.engine.descriptor.TestTemplateTestDescriptor.execute(TestTemplateTestDescriptor.java:38)&#13;
	at org.junit.platform.engine.support.hierarchical.NodeTestTask.lambda$executeRecursively$5(NodeTestTask.java:135)&#13;
	at org.junit.platform.engine.support.hierarchical.ThrowableCollector.execute(ThrowableCollector.java:73)&#13;
	at org.junit.platform.engine.support.hierarchical.NodeTestTask.lambda$executeRecursively$7(NodeTestTask.java:125)&#13;
	at org.junit.platform.engine.support.hierarchical.Node.around(Node.java:135)&#13;
	at org.junit.platform.engine.support.hierarchical.NodeTestTask.lambda$executeRecursively$8(NodeTestTask.java:123)&#13;
	at org.junit.platform.engine.support.hierarchical.ThrowableCollector.execute(ThrowableCollector.java:73)&#13;
	at org.junit.platform.engine.support.hierarchical.NodeTestTask.executeRecursively(NodeTestTask.java:122)&#13;
	at org.junit.platform.engine.support.hierarchical.NodeTestTask.execute(NodeTestTask.java:80)&#13;
	at java.util.ArrayList.forEach(ArrayList.java:1257)&#13;
	at org.junit.platform.engine.support.hierarchical.SameThreadHierarchicalTestExecutorService.invokeAll(SameThreadHierarchicalTestExecutorService.java:38)&#13;
	at org.junit.platform.engine.support.hierarchical.NodeTestTask.lambda$executeRecursively$5(NodeTestTask.java:139)&#13;
	at org.junit.platform.engine.support.hierarchical.ThrowableCollector.execute(ThrowableCollector.java:73)&#13;
	at org.junit.platform.engine.support.hierarchical.NodeTestTask.lambda$executeRecursively$7(NodeTestTask.java:125)&#13;
	at org.junit.platform.engine.support.hierarchical.Node.around(Node.java:135)&#13;
	at org.junit.platform.engine.support.hierarchical.NodeTestTask.lambda$executeRecursively$8(NodeTestTask.java:123)&#13;
	at org.junit.platform.engine.support.hierarchical.ThrowableCollector.execute(ThrowableCollector.java:73)&#13;
	at org.junit.platform.engine.support.hierarchical.NodeTestTask.executeRecursively(NodeTestTask.java:122)&#13;
	at org.junit.platform.engine.support.hierarchical.NodeTestTask.execute(NodeTestTask.java:80)&#13;
	at java.util.ArrayList.forEach(ArrayList.java:1257)&#13;
	at org.junit.platform.engine.support.hierarchical.SameThreadHierarchicalTestExecutorService.invokeAll(SameThreadHierarchicalTestExecutorService.java:38)&#13;
	at org.junit.platform.engine.support.hierarchical.NodeTestTask.lambda$executeRecursively$5(NodeTestTask.java:139)&#13;
	at org.junit.platform.engine.support.hierarchical.ThrowableCollector.execute(ThrowableCollector.java:73)&#13;
	at org.junit.platform.engine.support.hierarchical.NodeTestTask.lambda$executeRecursively$7(NodeTestTask.java:125)&#13;
	at org.junit.platform.engine.support.hierarchical.Node.around(Node.java:135)&#13;
	at org.junit.platform.engine.support.hierarchical.NodeTestTask.lambda$executeRecursively$8(NodeTestTask.java:123)&#13;
	at org.junit.platform.engine.support.hierarchical.ThrowableCollector.execute(ThrowableCollector.java:73)&#13;
	at org.junit.platform.engine.support.hierarchical.NodeTestTask.executeRecursively(NodeTestTask.java:122)&#13;
	at org.junit.platform.engine.support.hierarchical.NodeTestTask.execute(NodeTestTask.java:80)&#13;
	at org.junit.platform.engine.support.hierarchical.SameThreadHierarchicalTestExecutorService.submit(SameThreadHierarchicalTestExecutorService.java:32)&#13;
	at org.junit.platform.engine.support.hierarchical.HierarchicalTestExecutor.execute(HierarchicalTestExecutor.java:57)&#13;
	at org.junit.platform.engine.support.hierarchical.HierarchicalTestEngine.execute(HierarchicalTestEngine.java:51)&#13;
	at org.junit.platform.launcher.core.DefaultLauncher.execute(DefaultLauncher.java:248)&#13;
	at org.junit.platform.launcher.core.DefaultLauncher.lambda$execute$5(DefaultLauncher.java:211)&#13;
	at org.junit.platform.launcher.core.DefaultLauncher.withInterceptedStreams(DefaultLauncher.java:226)&#13;
	at org.junit.platform.launcher.core.DefaultLauncher.execute(DefaultLauncher.java:199)&#13;
	at org.junit.platform.launcher.core.DefaultLauncher.execute(DefaultLauncher.java:132)&#13;
	at com.intellij.junit5.JUnit5IdeaTestRunner.startRunnerWithArgs(JUnit5IdeaTestRunner.java:69)&#13;
	at com.intellij.rt.junit.IdeaTestRunner$Repeater.startRunnerWithArgs(IdeaTestRunner.java:33)&#13;
	at com.intellij.rt.junit.JUnitStarter.prepareStreamsAndStart(JUnitStarter.java:230)&#13;
	at com.intellij.rt.junit.JUnitStarter.main(JUnitStarter.java:58)&#13;
</output>
                </test>
                <test duration="196" locationUrl="java:test://Test_API_Java1/requestUs" name="[4] q=, Belfast, APPID=9e36d5af654c0bc9e5994799dd93bd19" metainfo="java.lang.String, java.lang.String, java.lang.String" status="passed">
                    <output type="stdout">Request method:	GET
Request URI:	http://api.openweathermap.org/data/2.5/weather?q=Belfast&amp;amp;APPID=9e36d5af654c0bc9e5994799dd93bd19
Proxy:			&amp;lt;none&amp;gt;
Request params:	&amp;lt;none&amp;gt;
Query params:	&amp;lt;none&amp;gt;
Form params:	&amp;lt;none&amp;gt;
Path params:	payload1=q=
				payload2=Belfast
				payload3=APPID=9e36d5af654c0bc9e5994799dd93bd19
Headers:		Accept=*/*
				Content-Type=application/json; charset=UTF-8
Cookies:		&amp;lt;none&amp;gt;
Multiparts:		&amp;lt;none&amp;gt;
Body:			&amp;lt;none&amp;gt;
HTTP/1.1 200 OK
Server: openresty
Date: Fri, 22 May 2020 18:53:13 GMT
Content-Type: application/json; charset=utf-8
Content-Length: 477
Connection: keep-alive
X-Cache-Key: /data/2.5/weather?APPID=9e36d5af654c0bc9e5994799dd93bd19&amp;amp;q=belfast
Access-Control-Allow-Origin: *
Access-Control-Allow-Credentials: true
Access-Control-Allow-Methods: GET, POST
{
    &amp;quot;coord&amp;quot;: {
        &amp;quot;lon&amp;quot;: -5.93,
        &amp;quot;lat&amp;quot;: 54.58
    },
    &amp;quot;weather&amp;quot;: [
        {
            &amp;quot;id&amp;quot;: 801,
            &amp;quot;main&amp;quot;: &amp;quot;Clouds&amp;quot;,
            &amp;quot;description&amp;quot;: &amp;quot;few clouds&amp;quot;,
            &amp;quot;icon&amp;quot;: &amp;quot;02d&amp;quot;
        }
    ],
    &amp;quot;base&amp;quot;: &amp;quot;stations&amp;quot;,
    &amp;quot;main&amp;quot;: {
        &amp;quot;temp&amp;quot;: 286.83,
        &amp;quot;feels_like&amp;quot;: 276.03,
        &amp;quot;temp_min&amp;quot;: 286.15,
        &amp;quot;temp_max&amp;quot;: 287.15,
        &amp;quot;pressure&amp;quot;: 1002,
        &amp;quot;humidity&amp;quot;: 50
    },
    &amp;quot;visibility&amp;quot;: 10000,
    &amp;quot;wind&amp;quot;: {
        &amp;quot;speed&amp;quot;: 13.4,
        &amp;quot;deg&amp;quot;: 220,
        &amp;quot;gust&amp;quot;: 19
    },
    &amp;quot;clouds&amp;quot;: {
        &amp;quot;all&amp;quot;: 22
    },
    &amp;quot;dt&amp;quot;: 1590173370,
    &amp;quot;sys&amp;quot;: {
        &amp;quot;type&amp;quot;: 1,
        &amp;quot;id&amp;quot;: 1376,
        &amp;quot;country&amp;quot;: &amp;quot;GB&amp;quot;,
        &amp;quot;sunrise&amp;quot;: 1590120396,
        &amp;quot;sunset&amp;quot;: 1590179672
    },
    &amp;quot;timezone&amp;quot;: 3600,
    &amp;quot;id&amp;quot;: 2655984,
    &amp;quot;name&amp;quot;: &amp;quot;Belfast&amp;quot;,
    &amp;quot;cod&amp;quot;: 200
}
</output>
                </test>
                <test duration="195" locationUrl="java:test://Test_API_Java1/requestUs" name="[5] q=, Elgin, APPID=9e36d5af654c0bc9e5994799dd93bd19" metainfo="java.lang.String, java.lang.String, java.lang.String" status="passed">
                    <output type="stdout">Request method:	GET
Request URI:	http://api.openweathermap.org/data/2.5/weather?q=Elgin&amp;amp;APPID=9e36d5af654c0bc9e5994799dd93bd19
Proxy:			&amp;lt;none&amp;gt;
Request params:	&amp;lt;none&amp;gt;
Query params:	&amp;lt;none&amp;gt;
Form params:	&amp;lt;none&amp;gt;
Path params:	payload1=q=
				payload2=Elgin
				payload3=APPID=9e36d5af654c0bc9e5994799dd93bd19
Headers:		Accept=*/*
				Content-Type=application/json; charset=UTF-8
Cookies:		&amp;lt;none&amp;gt;
Multiparts:		&amp;lt;none&amp;gt;
Body:			&amp;lt;none&amp;gt;
HTTP/1.1 200 OK
Server: openresty
Date: Fri, 22 May 2020 18:53:13 GMT
Content-Type: application/json; charset=utf-8
Content-Length: 472
Connection: keep-alive
X-Cache-Key: /data/2.5/weather?APPID=9e36d5af654c0bc9e5994799dd93bd19&amp;amp;q=elgin
Access-Control-Allow-Origin: *
Access-Control-Allow-Credentials: true
Access-Control-Allow-Methods: GET, POST
{
    &amp;quot;coord&amp;quot;: {
        &amp;quot;lon&amp;quot;: -88.28,
        &amp;quot;lat&amp;quot;: 42.04
    },
    &amp;quot;weather&amp;quot;: [
        {
            &amp;quot;id&amp;quot;: 804,
            &amp;quot;main&amp;quot;: &amp;quot;Clouds&amp;quot;,
            &amp;quot;description&amp;quot;: &amp;quot;overcast clouds&amp;quot;,
            &amp;quot;icon&amp;quot;: &amp;quot;04d&amp;quot;
        }
    ],
    &amp;quot;base&amp;quot;: &amp;quot;stations&amp;quot;,
    &amp;quot;main&amp;quot;: {
        &amp;quot;temp&amp;quot;: 291.93,
        &amp;quot;feels_like&amp;quot;: 291.95,
        &amp;quot;temp_min&amp;quot;: 290.93,
        &amp;quot;temp_max&amp;quot;: 293.15,
        &amp;quot;pressure&amp;quot;: 1017,
        &amp;quot;humidity&amp;quot;: 77
    },
    &amp;quot;visibility&amp;quot;: 16093,
    &amp;quot;wind&amp;quot;: {
        &amp;quot;speed&amp;quot;: 2.1,
        &amp;quot;deg&amp;quot;: 190
    },
    &amp;quot;clouds&amp;quot;: {
        &amp;quot;all&amp;quot;: 90
    },
    &amp;quot;dt&amp;quot;: 1590173585,
    &amp;quot;sys&amp;quot;: {
        &amp;quot;type&amp;quot;: 1,
        &amp;quot;id&amp;quot;: 2658,
        &amp;quot;country&amp;quot;: &amp;quot;US&amp;quot;,
        &amp;quot;sunrise&amp;quot;: 1590143159,
        &amp;quot;sunset&amp;quot;: 1590196439
    },
    &amp;quot;timezone&amp;quot;: -18000,
    &amp;quot;id&amp;quot;: 4890864,
    &amp;quot;name&amp;quot;: &amp;quot;Elgin&amp;quot;,
    &amp;quot;cod&amp;quot;: 200
}
</output>
                </test>
                <test duration="198" locationUrl="java:test://Test_API_Java1/requestUs" name="[6] q=, Bude, APPID=9e36d5af654c0bc9e5994799dd93bd19" metainfo="java.lang.String, java.lang.String, java.lang.String" status="passed">
                    <output type="stdout">Request method:	GET
Request URI:	http://api.openweathermap.org/data/2.5/weather?q=Bude&amp;amp;APPID=9e36d5af654c0bc9e5994799dd93bd19
Proxy:			&amp;lt;none&amp;gt;
Request params:	&amp;lt;none&amp;gt;
Query params:	&amp;lt;none&amp;gt;
Form params:	&amp;lt;none&amp;gt;
Path params:	payload1=q=
				payload2=Bude
				payload3=APPID=9e36d5af654c0bc9e5994799dd93bd19
Headers:		Accept=*/*
				Content-Type=application/json; charset=UTF-8
Cookies:		&amp;lt;none&amp;gt;
Multiparts:		&amp;lt;none&amp;gt;
Body:			&amp;lt;none&amp;gt;
HTTP/1.1 200 OK
Server: openresty
Date: Fri, 22 May 2020 18:53:13 GMT
Content-Type: application/json; charset=utf-8
Content-Length: 456
Connection: keep-alive
X-Cache-Key: /data/2.5/weather?APPID=9e36d5af654c0bc9e5994799dd93bd19&amp;amp;q=bude
Access-Control-Allow-Origin: *
Access-Control-Allow-Credentials: true
Access-Control-Allow-Methods: GET, POST
{
    &amp;quot;coord&amp;quot;: {
        &amp;quot;lon&amp;quot;: -4.54,
        &amp;quot;lat&amp;quot;: 50.82
    },
    &amp;quot;weather&amp;quot;: [
        {
            &amp;quot;id&amp;quot;: 800,
            &amp;quot;main&amp;quot;: &amp;quot;Clear&amp;quot;,
            &amp;quot;description&amp;quot;: &amp;quot;clear sky&amp;quot;,
            &amp;quot;icon&amp;quot;: &amp;quot;01d&amp;quot;
        }
    ],
    &amp;quot;base&amp;quot;: &amp;quot;stations&amp;quot;,
    &amp;quot;main&amp;quot;: {
        &amp;quot;temp&amp;quot;: 286.52,
        &amp;quot;feels_like&amp;quot;: 284.06,
        &amp;quot;temp_min&amp;quot;: 285.93,
        &amp;quot;temp_max&amp;quot;: 287.04,
        &amp;quot;pressure&amp;quot;: 1027,
        &amp;quot;humidity&amp;quot;: 80
    },
    &amp;quot;wind&amp;quot;: {
        &amp;quot;speed&amp;quot;: 3.58,
        &amp;quot;deg&amp;quot;: 243,
        &amp;quot;gust&amp;quot;: 7.6
    },
    &amp;quot;clouds&amp;quot;: {
        &amp;quot;all&amp;quot;: 3
    },
    &amp;quot;dt&amp;quot;: 1590173585,
    &amp;quot;sys&amp;quot;: {
        &amp;quot;type&amp;quot;: 3,
        &amp;quot;id&amp;quot;: 2019810,
        &amp;quot;country&amp;quot;: &amp;quot;GB&amp;quot;,
        &amp;quot;sunrise&amp;quot;: 1590121174,
        &amp;quot;sunset&amp;quot;: 1590178227
    },
    &amp;quot;timezone&amp;quot;: 3600,
    &amp;quot;id&amp;quot;: 2654380,
    &amp;quot;name&amp;quot;: &amp;quot;Bude&amp;quot;,
    &amp;quot;cod&amp;quot;: 200
}
</output>
                </test>
                <test duration="234" locationUrl="java:test://Test_API_Java1/requestUs" name="[7] q=, Ashford, appid=9e36d5af654c0bc9e5994799dd93bd19" metainfo="java.lang.String, java.lang.String, java.lang.String" status="passed">
                    <output type="stdout">Request method:	GET
Request URI:	http://api.openweathermap.org/data/2.5/weather?q=Ashford&amp;amp;appid=9e36d5af654c0bc9e5994799dd93bd19
Proxy:			&amp;lt;none&amp;gt;
Request params:	&amp;lt;none&amp;gt;
Query params:	&amp;lt;none&amp;gt;
Form params:	&amp;lt;none&amp;gt;
Path params:	payload1=q=
				payload2=Ashford
				payload3=appid=9e36d5af654c0bc9e5994799dd93bd19
Headers:		Accept=*/*
				Content-Type=application/json; charset=UTF-8
Cookies:		&amp;lt;none&amp;gt;
Multiparts:		&amp;lt;none&amp;gt;
Body:			&amp;lt;none&amp;gt;
HTTP/1.1 200 OK
Server: openresty
Date: Fri, 22 May 2020 18:53:13 GMT
Content-Type: application/json; charset=utf-8
Content-Length: 468
Connection: keep-alive
X-Cache-Key: /data/2.5/weather?q=ashford
Access-Control-Allow-Origin: *
Access-Control-Allow-Credentials: true
Access-Control-Allow-Methods: GET, POST
{
    &amp;quot;coord&amp;quot;: {
        &amp;quot;lon&amp;quot;: 0.87,
        &amp;quot;lat&amp;quot;: 51.15
    },
    &amp;quot;weather&amp;quot;: [
        {
            &amp;quot;id&amp;quot;: 804,
            &amp;quot;main&amp;quot;: &amp;quot;Clouds&amp;quot;,
            &amp;quot;description&amp;quot;: &amp;quot;overcast clouds&amp;quot;,
            &amp;quot;icon&amp;quot;: &amp;quot;04d&amp;quot;
        }
    ],
    &amp;quot;base&amp;quot;: &amp;quot;stations&amp;quot;,
    &amp;quot;main&amp;quot;: {
        &amp;quot;temp&amp;quot;: 288.24,
        &amp;quot;feels_like&amp;quot;: 285.55,
        &amp;quot;temp_min&amp;quot;: 288.15,
        &amp;quot;temp_max&amp;quot;: 288.71,
        &amp;quot;pressure&amp;quot;: 1019,
        &amp;quot;humidity&amp;quot;: 62
    },
    &amp;quot;wind&amp;quot;: {
        &amp;quot;speed&amp;quot;: 3.13,
        &amp;quot;deg&amp;quot;: 251,
        &amp;quot;gust&amp;quot;: 5.81
    },
    &amp;quot;clouds&amp;quot;: {
        &amp;quot;all&amp;quot;: 100
    },
    &amp;quot;dt&amp;quot;: 1590173341,
    &amp;quot;sys&amp;quot;: {
        &amp;quot;type&amp;quot;: 3,
        &amp;quot;id&amp;quot;: 2002488,
        &amp;quot;country&amp;quot;: &amp;quot;GB&amp;quot;,
        &amp;quot;sunrise&amp;quot;: 1590119788,
        &amp;quot;sunset&amp;quot;: 1590177016
    },
    &amp;quot;timezone&amp;quot;: 3600,
    &amp;quot;id&amp;quot;: 2656955,
    &amp;quot;name&amp;quot;: &amp;quot;Ashford&amp;quot;,
    &amp;quot;cod&amp;quot;: 200
}
</output>
                </test>
            </suite>
        </suite>
    </suite>
</testrun>
